{"C:\\Users\\jeeva\\OneDrive\\Desktop\\Bright-future-E-learning\\models\\feedback.js": {"path":"C:\\Users\\jeeva\\OneDrive\\Desktop\\Bright-future-E-learning\\models\\feedback.js","statementMap":{"0":{"start":{"line":1,"column":17},"end":{"line":1,"column":36}},"1":{"start":{"line":4,"column":23},"end":{"line":18,"column":2}},"2":{"start":{"line":20,"column":17},"end":{"line":20,"column":59}},"3":{"start":{"line":21,"column":0},"end":{"line":21,"column":26}}},"fnMap":{},"branchMap":{},"s":{"0":1,"1":1,"2":1,"3":1},"f":{},"b":{},"_coverageSchema":"1a1c01bbd47fc00a2c39e90264f33305004495a9","hash":"c7009fbd97a078e7660323043ce20844f38f93f4"}
,"C:\\Users\\jeeva\\OneDrive\\Desktop\\Bright-future-E-learning\\models\\listing.js": {"path":"C:\\Users\\jeeva\\OneDrive\\Desktop\\Bright-future-E-learning\\models\\listing.js","statementMap":{"0":{"start":{"line":1,"column":17},"end":{"line":1,"column":36}},"1":{"start":{"line":4,"column":22},"end":{"line":49,"column":2}},"2":{"start":{"line":51,"column":16},"end":{"line":51,"column":56}},"3":{"start":{"line":52,"column":0},"end":{"line":52,"column":25}}},"fnMap":{},"branchMap":{},"s":{"0":1,"1":1,"2":1,"3":1},"f":{},"b":{},"_coverageSchema":"1a1c01bbd47fc00a2c39e90264f33305004495a9","hash":"a4418c71ea36fc28c97c1abced6cb923811daa53"}
,"C:\\Users\\jeeva\\OneDrive\\Desktop\\Bright-future-E-learning\\models\\user.js": {"path":"C:\\Users\\jeeva\\OneDrive\\Desktop\\Bright-future-E-learning\\models\\user.js","statementMap":{"0":{"start":{"line":1,"column":17},"end":{"line":1,"column":36}},"1":{"start":{"line":2,"column":12},"end":{"line":2,"column":35}},"2":{"start":{"line":4,"column":19},"end":{"line":52,"column":21}},"3":{"start":{"line":54,"column":0},"end":{"line":68,"column":1}},"4":{"start":{"line":56,"column":18},"end":{"line":59,"column":6}},"5":{"start":{"line":60,"column":0},"end":{"line":67,"column":5}},"6":{"start":{"line":62,"column":4},"end":{"line":62,"column":17}},"7":{"start":{"line":65,"column":8},"end":{"line":65,"column":27}},"8":{"start":{"line":66,"column":8},"end":{"line":66,"column":21}},"9":{"start":{"line":70,"column":0},"end":{"line":81,"column":1}},"10":{"start":{"line":71,"column":17},"end":{"line":71,"column":21}},"11":{"start":{"line":72,"column":18},"end":{"line":74,"column":27}},"12":{"start":{"line":75,"column":4},"end":{"line":75,"column":23}},"13":{"start":{"line":76,"column":4},"end":{"line":78,"column":6}},"14":{"start":{"line":79,"column":4},"end":{"line":79,"column":22}},"15":{"start":{"line":80,"column":4},"end":{"line":80,"column":17}},"16":{"start":{"line":83,"column":13},"end":{"line":83,"column":47}},"17":{"start":{"line":84,"column":0},"end":{"line":84,"column":22}}},"fnMap":{"0":{"name":"(anonymous_0)","decl":{"start":{"line":54,"column":41},"end":{"line":54,"column":42}},"loc":{"start":{"line":54,"column":71},"end":{"line":68,"column":1}},"line":54},"1":{"name":"(anonymous_1)","decl":{"start":{"line":70,"column":39},"end":{"line":70,"column":40}},"loc":{"start":{"line":70,"column":57},"end":{"line":81,"column":1}},"line":70}},"branchMap":{"0":{"loc":{"start":{"line":60,"column":0},"end":{"line":67,"column":5}},"type":"if","locations":[{"start":{"line":60,"column":0},"end":{"line":67,"column":5}},{"start":{"line":60,"column":0},"end":{"line":67,"column":5}}],"line":60}},"s":{"0":1,"1":1,"2":1,"3":1,"4":0,"5":0,"6":0,"7":0,"8":0,"9":1,"10":0,"11":0,"12":0,"13":0,"14":0,"15":0,"16":1,"17":1},"f":{"0":0,"1":0},"b":{"0":[0,0]},"_coverageSchema":"1a1c01bbd47fc00a2c39e90264f33305004495a9","hash":"9c891b60b4535be33f68ac374172288f66b802d4"}
}
